Arguments: 
  /home/evoney/.nvm/versions/node/v12.20.0/bin/node /home/evoney/.nvm/versions/node/v12.20.0/bin/yarn add @types

PATH: 
  /home/evoney/Documents/protoc/bin:/home/evoney/anaconda3/bin:/home/evoney/anaconda3/condabin:/home/evoney/.nvm/versions/node/v12.20.0/bin:/home/evoney/Documents/protoc/bin:/home/evoney/.local/bin:/home/evoney/Documents/protoc/bin:/usr/local/sbin:/usr/local/bin:/usr/sbin:/usr/bin:/sbin:/bin:/usr/games:/usr/local/games:/snap/bin:/home/evoney/Android/Sdk/emulator:/home/evoney/Android/Sdk/tools:/home/evoney/Android/Sdk/tools/bin:/home/evoney/Android/Sdk/platform-tools:/home/evoney/Documents/android-studio/bin:/home/evoney/Android/Sdk/emulator:/home/evoney/Android/Sdk/tools:/home/evoney/Android/Sdk/tools/bin:/home/evoney/Android/Sdk/platform-tools:/home/evoney/Documents/android-studio/bin:/home/evoney/.fzf/bin:/home/evoney/Android/Sdk/emulator:/home/evoney/Android/Sdk/tools:/home/evoney/Android/Sdk/tools/bin:/home/evoney/Android/Sdk/platform-tools:/home/evoney/Documents/android-studio/bin

Yarn version: 
  1.22.10

Node version: 
  12.20.0

Platform: 
  linux x64

Trace: 
  Error: https://registry.yarnpkg.com/@types: Request "https://registry.yarnpkg.com/@types" returned a 405
      at Request.params.callback [as _callback] (/home/evoney/.nvm/versions/node/v12.20.0/lib/node_modules/yarn/lib/cli.js:66997:18)
      at Request.self.callback (/home/evoney/.nvm/versions/node/v12.20.0/lib/node_modules/yarn/lib/cli.js:140662:22)
      at Request.emit (events.js:314:20)
      at Request.<anonymous> (/home/evoney/.nvm/versions/node/v12.20.0/lib/node_modules/yarn/lib/cli.js:141634:10)
      at Request.emit (events.js:314:20)
      at IncomingMessage.<anonymous> (/home/evoney/.nvm/versions/node/v12.20.0/lib/node_modules/yarn/lib/cli.js:141556:12)
      at Object.onceWrapper (events.js:420:28)
      at IncomingMessage.emit (events.js:326:22)
      at endReadableNT (_stream_readable.js:1241:12)
      at processTicksAndRejections (internal/process/task_queues.js:84:21)

npm manifest: 
  {
    "dependencies": {
      "typescript": "^4.6.2"
    }
  }

yarn manifest: 
  No manifest

Lockfile: 
  # THIS IS AN AUTOGENERATED FILE. DO NOT EDIT THIS FILE DIRECTLY.
  # yarn lockfile v1
  
  
  typescript@^4.6.2:
    version "4.6.2"
    resolved "https://registry.yarnpkg.com/typescript/-/typescript-4.6.2.tgz#fe12d2727b708f4eef40f51598b3398baa9611d4"
    integrity sha512-HM/hFigTBHZhLXshn9sN37H085+hQGeJHJ/X7LpBWLID/fbc2acUMfU+lGD98X81sKP+pFa9f0DZmCwB9GnbAg==
